2022-10-03 13:09:35.833  INFO 6180 --- [main] burgers.BurgerApplication                : Starting BurgerApplication using Java 11 on DESKTOP-Q1N1JL1 with PID 6180 (C:\D\JavaP\burger\burger\target\classes started by Dmitrii in C:\D\JavaP\burger)
2022-10-03 13:09:35.843  INFO 6180 --- [main] burgers.BurgerApplication                : No active profile set, falling back to default profiles: default
2022-10-03 13:09:35.929  WARN 6180 --- [main] o.s.b.c.config.ConfigDataEnvironment     : Property 'spring.profiles' imported from location 'class path resource [application.yaml]' is invalid and should be replaced with 'spring.config.activate.on-profile' [origin: class path resource [application.yaml] - 24:13]
2022-10-03 13:09:36.806  INFO 6180 --- [main] .s.d.r.c.RepositoryConfigurationDelegate : Bootstrapping Spring Data JPA repositories in DEFAULT mode.
2022-10-03 13:09:36.897  INFO 6180 --- [main] .s.d.r.c.RepositoryConfigurationDelegate : Finished Spring Data repository scanning in 77 ms. Found 4 JPA repository interfaces.
2022-10-03 13:09:38.064  INFO 6180 --- [main] o.s.b.w.embedded.tomcat.TomcatWebServer  : Tomcat initialized with port(s): 8080 (http)
2022-10-03 13:09:38.082  INFO 6180 --- [main] o.apache.catalina.core.StandardService   : Starting service [Tomcat]
2022-10-03 13:09:38.082  INFO 6180 --- [main] org.apache.catalina.core.StandardEngine  : Starting Servlet engine: [Apache Tomcat/9.0.50]
2022-10-03 13:09:38.256  INFO 6180 --- [main] o.a.c.c.C.[Tomcat].[localhost].[/]       : Initializing Spring embedded WebApplicationContext
2022-10-03 13:09:38.257  INFO 6180 --- [main] w.s.c.ServletWebServerApplicationContext : Root WebApplicationContext: initialization completed in 2324 ms
2022-10-03 13:09:38.429  INFO 6180 --- [main] com.zaxxer.hikari.HikariDataSource       : burger - Starting...
2022-10-03 13:09:38.634  INFO 6180 --- [main] com.zaxxer.hikari.HikariDataSource       : burger - Start completed.
2022-10-03 13:09:38.698  INFO 6180 --- [main] o.hibernate.jpa.internal.util.LogHelper  : HHH000204: Processing PersistenceUnitInfo [name: default]
2022-10-03 13:09:38.791  INFO 6180 --- [main] org.hibernate.Version                    : HHH000412: Hibernate ORM core version 5.4.32.Final
2022-10-03 13:09:39.064  INFO 6180 --- [main] o.hibernate.annotations.common.Version   : HCANN000001: Hibernate Commons Annotations {5.1.2.Final}
2022-10-03 13:09:39.260  INFO 6180 --- [main] org.hibernate.dialect.Dialect            : HHH000400: Using dialect: org.hibernate.dialect.H2Dialect
2022-10-03 13:09:40.494  INFO 6180 --- [main] o.h.e.t.j.p.i.JtaPlatformInitiator       : HHH000490: Using JtaPlatform implementation: [org.hibernate.engine.transaction.jta.platform.internal.NoJtaPlatform]
2022-10-03 13:09:40.507  INFO 6180 --- [main] j.LocalContainerEntityManagerFactoryBean : Initialized JPA EntityManagerFactory for persistence unit 'default'
2022-10-03 13:09:41.190  WARN 6180 --- [main] JpaBaseConfiguration$JpaWebConfiguration : spring.jpa.open-in-view is enabled by default. Therefore, database queries may be performed during view rendering. Explicitly configure spring.jpa.open-in-view to disable this warning
2022-10-03 13:09:41.521  INFO 6180 --- [main] o.s.s.web.DefaultSecurityFilterChain     : Will secure any request with [org.springframework.security.web.context.request.async.WebAsyncManagerIntegrationFilter@14b4ce6f, org.springframework.security.web.context.SecurityContextPersistenceFilter@219dd935, org.springframework.security.web.header.HeaderWriterFilter@3c74d846, org.springframework.security.web.csrf.CsrfFilter@726a5e6a, org.springframework.security.web.authentication.logout.LogoutFilter@7187078a, org.springframework.security.web.authentication.UsernamePasswordAuthenticationFilter@47c15468, org.springframework.security.web.savedrequest.RequestCacheAwareFilter@4a9412c4, org.springframework.security.web.servletapi.SecurityContextHolderAwareRequestFilter@12dc702b, org.springframework.security.web.authentication.AnonymousAuthenticationFilter@7c5c2b17, org.springframework.security.web.session.SessionManagementFilter@5552d10, org.springframework.security.web.access.ExceptionTranslationFilter@1ec4fdcf, org.springframework.security.web.access.intercept.FilterSecurityInterceptor@47eff554]
2022-10-03 13:09:41.899  INFO 6180 --- [main] o.s.b.w.embedded.tomcat.TomcatWebServer  : Tomcat started on port(s): 8080 (http) with context path ''
2022-10-03 13:09:41.916  INFO 6180 --- [main] burgers.BurgerApplication                : Started BurgerApplication in 7.141 seconds (JVM running for 8.987)
2022-10-03 13:09:48.946  INFO 6180 --- [http-nio-8080-exec-1] o.a.c.c.C.[Tomcat].[localhost].[/]       : Initializing Spring DispatcherServlet 'dispatcherServlet'
2022-10-03 13:09:48.947  INFO 6180 --- [http-nio-8080-exec-1] o.s.web.servlet.DispatcherServlet        : Initializing Servlet 'dispatcherServlet'
2022-10-03 13:09:48.949  INFO 6180 --- [http-nio-8080-exec-1] o.s.web.servlet.DispatcherServlet        : Completed initialization in 2 ms
2022-10-03 13:09:49.853  WARN 6180 --- [http-nio-8080-exec-1] o.a.c.util.SessionIdGeneratorBase        : Creation of SecureRandom instance for session ID generation using [SHA1PRNG] took [385] milliseconds.
2022-10-03 13:10:08.012  INFO 6180 --- [http-nio-8080-exec-3] burgers.security.RegistrationController  : saving user: dmitrii
2022-10-03 13:13:19.169  INFO 6180 --- [http-nio-8080-exec-3] burgers.web.BurgerDesignController       : saving burger: Burger(id=null, name=Dimaы, ingredients=[Ingredient(id=WHIT, name=White bun, type=BUN), Ingredient(id=BLAC, name=Black bun, type=BUN)], createdAt=null)
